#
# A fatal error has been detected by the Java Runtime Environment:
#
#  Internal Error (classFileParser.cpp:3494), pid=7844, tid=3452
#  Error: ShouldNotReachHere()
#
# JRE version: 6.0_25-b06
# Java VM: Java HotSpot(TM) Client VM (20.0-b11 mixed mode windows-x86 )
# If you would like to submit a bug report, please visit:
#   http://java.sun.com/webapps/bugreport/crash.jsp
#

---------------  T H R E A D  ---------------

Current thread (0x00589c00):  JavaThread "Unknown thread" [_thread_in_vm, id=3452, stack(0x00590000,0x005e0000)]

Stack: [0x00590000,0x005e0000],  sp=0x005df86c,  free space=318k
Native frames: (J=compiled Java code, j=interpreted, Vv=VM code, C=native code)
V  [jvm.dll+0x13363a]
V  [jvm.dll+0x12e59b]
V  [jvm.dll+0x164ce]
V  [jvm.dll+0x17cff]
V  [jvm.dll+0x26de5]
V  [jvm.dll+0x27626]
V  [jvm.dll+0x279d5]
V  [jvm.dll+0x27a69]
V  [jvm.dll+0x27b2c]
V  [jvm.dll+0x27baa]
V  [jvm.dll+0x27c8d]
V  [jvm.dll+0x27f59]
V  [jvm.dll+0x6c593]
V  [jvm.dll+0x6c96c]
V  [jvm.dll+0xf9c1c]
V  [jvm.dll+0x1184bb]
V  [jvm.dll+0x9eba0]
C  [javaw.exe+0x1657]
C  [javaw.exe+0x1e2c]
C  [javaw.exe+0x8614]
C  [kernel32.dll+0x4ed6c]  BaseThreadInitThunk+0x12
C  [ntdll.dll+0x6377b]  RtlInitializeExceptionChain+0xef
C  [ntdll.dll+0x6374e]  RtlInitializeExceptionChain+0xc2


---------------  P R O C E S S  ---------------

Java Threads: ( => current thread )

Other Threads:

=>0x00589c00 (exited) JavaThread "Unknown thread" [_thread_in_vm, id=3452, stack(0x00590000,0x005e0000)]

VM state:not at safepoint (not fully initialized)

VM Mutex/Monitor currently owned by a thread: None

Dynamic libraries:
0x00400000 - 0x00424000 	C:\Program Files\Java\jre6\bin\javaw.exe
0x770e0000 - 0x7721c000 	C:\Windows\SYSTEM32\ntdll.dll
0x76150000 - 0x76224000 	C:\Windows\system32\kernel32.dll
0x75400000 - 0x7544b000 	C:\Windows\system32\KERNELBASE.dll
0x77270000 - 0x77310000 	C:\Windows\system32\ADVAPI32.dll
0x76010000 - 0x760bc000 	C:\Windows\system32\msvcrt.dll
0x75ed0000 - 0x75ee9000 	C:\Windows\SYSTEM32\sechost.dll
0x759b0000 - 0x75a51000 	C:\Windows\system32\RPCRT4.dll
0x76230000 - 0x762f9000 	C:\Windows\system32\USER32.dll
0x75f40000 - 0x75f8e000 	C:\Windows\system32\GDI32.dll
0x77220000 - 0x7722a000 	C:\Windows\system32\LPK.dll
0x75df0000 - 0x75e8d000 	C:\Windows\system32\USP10.dll
0x77240000 - 0x7725f000 	C:\Windows\system32\IMM32.DLL
0x75530000 - 0x755fc000 	C:\Windows\system32\MSCTF.dll
0x7c340000 - 0x7c396000 	C:\Program Files\Java\jre6\bin\msvcr71.dll
0x6d7f0000 - 0x6da9f000 	C:\Program Files\Java\jre6\bin\client\jvm.dll
0x73b70000 - 0x73ba2000 	C:\Windows\system32\WINMM.dll
0x75160000 - 0x751ac000 	C:\Windows\system32\apphelp.dll
0x6d7a0000 - 0x6d7ac000 	C:\Program Files\Java\jre6\bin\verify.dll
0x6d320000 - 0x6d33f000 	C:\Program Files\Java\jre6\bin\java.dll
0x77260000 - 0x77265000 	C:\Windows\system32\PSAPI.DLL
0x6d7e0000 - 0x6d7ef000 	C:\Program Files\Java\jre6\bin\zip.dll

VM Arguments:
jvm_args: -Dfile.encoding=Cp1252 -Xbootclasspath:E:\android\android-sdk_r20.0.3-windows\android-sdk-windows\platforms\android-14\android.jar 
java_command: com.example.expensiv.TestMe
Launcher Type: SUN_STANDARD

Environment Variables:
JAVA_HOME=E:\lib_ifast\j2sdk1.5_22
PATH=C:/Program Files/Java/jre6/bin/client;C:/Program Files/Java/jre6/bin;C:/Program Files/Java/jre6/lib/i386;C:\Program Files\Common Files\Microsoft Shared\Windows Live;C:\oracle\ora92\bin;C:\Program Files\Oracle\jre\1.3.1\bin;C:\Program Files\Oracle\jre\1.1.8\bin;C:\Windows\system32;C:\Windows;C:\Windows\System32\Wbem;C:\Windows\System32\WindowsPowerShell\v1.0\;C:\Program Files\ThinkPad\Bluetooth Software\;C:\Program Files\Common Files\Lenovo;C:\Program Files\Common Files\Ulead Systems\MPEG;C:\Program Files\Windows Live\Shared;C:\SWTOOLS\ReadyApps;E:\TortoiseSVN\bin;E:\TortoiseHg\;c:\matlab6p5\bin\win32;E:\shashank\Heroku\bin;E:\ruby-1.9.3\bin;C:\Program Files\git\bin;C:\Program Files\git\cmd;C:\Users\shashankp\AppData\Roaming\npm;C:\Program Files\nodejs\;E:\S_E_T_U_P_S\maven-2.2.1\bin;E:\SlikSvn\bin\;E:\android\eclipse-jee-indigo-SR2-win32\eclipse;
USERNAME=shashankp
OS=Windows_NT
PROCESSOR_IDENTIFIER=x86 Family 6 Model 37 Stepping 5, GenuineIntel



---------------  S Y S T E M  ---------------

OS: Windows 7 Build 7601 Service Pack 1

CPU:total 4 (2 cores per cpu, 2 threads per core) family 6 model 37 stepping 5, cmov, cx8, fxsr, mmx, sse, sse2, sse3, ssse3, sse4.1, sse4.2, popcnt, ht

Memory: 4k page, physical 3068468k(1043220k free), swap 6135184k(2895532k free)

vm_info: Java HotSpot(TM) Client VM (20.0-b11) for windows-x86 JRE (1.6.0_25-b06), built on Apr 14 2011 01:04:32 by "java_re" with MS VC++ 7.1 (VS2003)

time: Sun Dec 23 16:05:24 2012
elapsed time: 0 seconds

